<?xml version="1.0" encoding="UTF-8"?>
<testsuite name="com.aeroncookbook.sbe.SbeTests" tests="5" skipped="0" failures="0" errors="0" timestamp="2019-12-24T03:35:55" hostname="quad.fios-router.home" time="0.037">
  <properties/>
  <testcase name="canWriteReadSampleA()" classname="com.aeroncookbook.sbe.SbeTests" time="0.026"/>
  <testcase name="canWriteReadSampleRepeatGroups()" classname="com.aeroncookbook.sbe.SbeTests" time="0.002"/>
  <testcase name="dataCanBeReadCorrectlyWhenWrittenCorrectly()" classname="com.aeroncookbook.sbe.SbeTests" time="0.002"/>
  <testcase name="dataCanBeCorrupted()" classname="com.aeroncookbook.sbe.SbeTests" time="0.001"/>
  <testcase name="nullStringReturnsAsEmptyString()" classname="com.aeroncookbook.sbe.SbeTests" time="0.002"/>
  <system-out><![CDATA[]]></system-out>
  <system-err><![CDATA[]]></system-err>
</testsuite>
